<?xml version="1.0" encoding="UTF-8"?>
<!-- Generated by org.testng.reporters.JUnitReportReporter -->
<testsuite hostname="DESKTOP-38H9MV0" failures="0" tests="6" name="testCases.TC003_LoginDDT" time="73.313" errors="0" timestamp="2024-09-30T20:38:46 IST" skipped="0">
  <testcase classname="testCases.TC003_LoginDDT" name="verify_loginDDT" time="6.480"/>
  <testcase classname="testCases.TC003_LoginDDT" name="verify_loginDDT" time="6.165"/>
  <testcase classname="testCases.TC003_LoginDDT" name="verify_loginDDT" time="5.442"/>
  <testcase classname="testCases.TC003_LoginDDT" name="verify_loginDDT" time="24.908"/>
  <testcase classname="testCases.TC003_LoginDDT" name="verify_loginDDT" time="5.749"/>
  <testcase classname="testCases.TC003_LoginDDT" name="verify_loginDDT" time="24.569"/>
</testsuite> <!-- testCases.TC003_LoginDDT -->
