<?xml version="1.0" encoding="UTF-8"?>
<!-- Generated by org.testng.reporters.JUnitReportReporter -->
<testsuite hostname="DESKTOP-38H9MV0" failures="0" tests="1" name="testCases.TC001_AccountRegistrationTest" time="15.521" errors="0" timestamp="2024-10-01T11:13:00 IST" skipped="0">
  <testcase classname="testCases.TC001_AccountRegistrationTest" name="verify_account_registration" time="15.521"/>
</testsuite> <!-- testCases.TC001_AccountRegistrationTest -->
